<?xml version="1.0" encoding="UTF-8"?>
<testsuite xmlns:xsi="http://www.w3.org/2001/XMLSchema-instance" xsi:noNamespaceSchemaLocation="https://maven.apache.org/surefire/maven-surefire-plugin/xsd/surefire-test-report.xsd" name="portal.AppTest" time="0.049" tests="1" errors="0" skipped="0" failures="0">
  <properties>
    <property name="java.specification.version" value="17"/>
    <property name="sun.cpu.isalist" value="amd64"/>
    <property name="sun.jnu.encoding" value="Cp1252"/>
    <property name="java.class.path" value="C:\Users\MOHMMED JAMEEL AHMED\OneDrive\Desktop\testing-mvn\create\target\test-classes;C:\Users\MOHMMED JAMEEL AHMED\OneDrive\Desktop\testing-mvn\create\target\classes;C:\Users\MOHMMED JAMEEL AHMED\.m2\repository\junit\junit\4.11\junit-4.11.jar;C:\Users\MOHMMED JAMEEL AHMED\.m2\repository\org\hamcrest\hamcrest-core\1.3\hamcrest-core-1.3.jar;"/>
    <property name="java.vm.vendor" value="Oracle Corporation"/>
    <property name="sun.arch.data.model" value="64"/>
    <property name="user.variant" value=""/>
    <property name="java.vendor.url" value="https://java.oracle.com/"/>
    <property name="user.timezone" value="Asia/Calcutta"/>
    <property name="os.name" value="Windows 11"/>
    <property name="java.vm.specification.version" value="17"/>
    <property name="sun.java.launcher" value="SUN_STANDARD"/>
    <property name="user.country" value="IN"/>
    <property name="sun.boot.library.path" value="C:\Program Files\Java\jdk-17.0.5\bin"/>
    <property name="sun.java.command" value="C:\Users\MOHMME~1\AppData\Local\Temp\surefire3220360608065979549\surefirebooter16613961647490305573.jar C:\Users\MOHMMED JAMEEL AHMED\AppData\Local\Temp\surefire3220360608065979549 2023-12-19T19-18-13_627-jvmRun1 surefire705666204807608450tmp surefire_017083501869746632061tmp"/>
    <property name="jdk.debug" value="release"/>
    <property name="surefire.test.class.path" value="C:\Users\MOHMMED JAMEEL AHMED\OneDrive\Desktop\testing-mvn\create\target\test-classes;C:\Users\MOHMMED JAMEEL AHMED\OneDrive\Desktop\testing-mvn\create\target\classes;C:\Users\MOHMMED JAMEEL AHMED\.m2\repository\junit\junit\4.11\junit-4.11.jar;C:\Users\MOHMMED JAMEEL AHMED\.m2\repository\org\hamcrest\hamcrest-core\1.3\hamcrest-core-1.3.jar;"/>
    <property name="sun.cpu.endian" value="little"/>
    <property name="user.home" value="C:\Users\MOHMMED JAMEEL AHMED"/>
    <property name="user.language" value="en"/>
    <property name="java.specification.vendor" value="Oracle Corporation"/>
    <property name="java.version.date" value="2022-10-18"/>
    <property name="java.home" value="C:\Program Files\Java\jdk-17.0.5"/>
    <property name="file.separator" value="\"/>
    <property name="basedir" value="C:\Users\MOHMMED JAMEEL AHMED\OneDrive\Desktop\testing-mvn\create"/>
    <property name="java.vm.compressedOopsMode" value="Zero based"/>
    <property name="line.separator" value="&#10;"/>
    <property name="java.vm.specification.vendor" value="Oracle Corporation"/>
    <property name="java.specification.name" value="Java Platform API Specification"/>
    <property name="surefire.real.class.path" value="C:\Users\MOHMME~1\AppData\Local\Temp\surefire3220360608065979549\surefirebooter16613961647490305573.jar"/>
    <property name="user.script" value=""/>
    <property name="sun.management.compiler" value="HotSpot 64-Bit Tiered Compilers"/>
    <property name="java.runtime.version" value="17.0.5+9-LTS-191"/>
    <property name="user.name" value="MOHMMED JAMEEL AHMED"/>
    <property name="path.separator" value=";"/>
    <property name="os.version" value="10.0"/>
    <property name="java.runtime.name" value="Java(TM) SE Runtime Environment"/>
    <property name="file.encoding" value="Cp1252"/>
    <property name="java.vm.name" value="Java HotSpot(TM) 64-Bit Server VM"/>
    <property name="localRepository" value="C:\Users\MOHMMED JAMEEL AHMED\.m2\repository"/>
    <property name="java.vendor.url.bug" value="https://bugreport.java.com/bugreport/"/>
    <property name="java.io.tmpdir" value="C:\Users\MOHMME~1\AppData\Local\Temp\"/>
    <property name="java.version" value="17.0.5"/>
    <property name="user.dir" value="C:\Users\MOHMMED JAMEEL AHMED\OneDrive\Desktop\testing-mvn\create"/>
    <property name="os.arch" value="amd64"/>
    <property name="java.vm.specification.name" value="Java Virtual Machine Specification"/>
    <property name="sun.os.patch.level" value=""/>
    <property name="native.encoding" value="Cp1252"/>
    <property name="java.library.path" value="C:\Program Files\Java\jdk-17.0.5\bin;C:\WINDOWS\Sun\Java\bin;C:\WINDOWS\system32;C:\WINDOWS;C:\Users\MOHMMED JAMEEL AHMED\bin;C:\Program Files\Git\mingw64\bin;C:\Program Files\Git\usr\local\bin;C:\Program Files\Git\usr\bin;C:\Program Files\Git\usr\bin;C:\Program Files\Git\mingw64\bin;C:\Program Files\Git\usr\bin;C:\Users\MOHMMED JAMEEL AHMED\bin;C:\Program Files\Common Files\Oracle\Java\javapath;C:\Program Files\Zulu\zulu-17\bin;C:\Program Files\Zulu\zulu-15\bin;C:\WINDOWS\system32;C:\WINDOWS;C:\WINDOWS\System32\Wbem;C:\WINDOWS\System32\WindowsPowerShell\v1.0;C:\WINDOWS\System32\OpenSSH;C:\Program Files\Git\cmd;C:\Program Files\Java\jdk-17.0.5\bin;C:\apache-maven-3.8.6-bin\apache-maven-3.8.6\bin;C:\apache-tomcat-9.0\apache-tomcat-9.0\bin;C:\terraform_1.3.5;C:\Program Files\PuTTY;C:\Program Files\Amazon\AWSCLIV2;C:\Users\MOHMMED JAMEEL AHMED\AppData\Local\Microsoft\WindowsApps;C:\Program Files\sfdx\bin;C:\Program Files (x86)\sfdx\bin;C:\Users\MOHMMED JAMEEL AHMED\AppData\Local\Programs\Microsoft VS Code\bin;C:\terraform&quot;;C:\terraform;C:\Program Files\Git\usr\bin\vendor_perl;C:\Program Files\Git\usr\bin\core_perl;."/>
    <property name="java.vm.info" value="mixed mode, sharing"/>
    <property name="java.vendor" value="Oracle Corporation"/>
    <property name="java.vm.version" value="17.0.5+9-LTS-191"/>
    <property name="sun.io.unicode.encoding" value="UnicodeLittle"/>
    <property name="java.class.version" value="61.0"/>
  </properties>
  <testcase name="shouldAnswerWithTrue" classname="portal.AppTest" time="0"/>
</testsuite>